# JRE version: Java(TM) SE Runtime Environment (8.0_221-b11) (build 1.8.0_221-b11)
# Java VM: Java HotSpot(TM) 64-Bit Server VM (25.221-b11 mixed mode linux-amd64 compressed oops)
Heap:
 PSYoungGen      total 116736K, used 0K [0x00000000f5580000, 0x0000000100000000, 0x0000000100000000)
  eden space 58880K, 0% used [0x00000000f5580000,0x00000000f5580000,0x00000000f8f00000)
  from space 57856K, 0% used [0x00000000fc780000,0x00000000fc780000,0x0000000100000000)
  to   space 57856K, 0% used [0x00000000f8f00000,0x00000000f8f00000,0x00000000fc780000)
 ParOldGen       total 213504K, used 197101K [0x00000000e0000000, 0x00000000ed080000, 0x00000000f5580000)
  object space 213504K, 92% used [0x00000000e0000000,0x00000000ec07b710,0x00000000ed080000)
 Metaspace       used 39397K, capacity 41080K, committed 41344K, reserved 1085440K
  class space    used 5320K, capacity 5635K, committed 5760K, reserved 1048576K
GC Heap History (10 events):
Event: 3,900 GC heap after
Heap after GC invocations=8 (full 2):
 PSYoungGen      total 124416K, used 4469K [0x00000000f5580000, 0x00000000fe300000, 0x0000000100000000)
  eden space 119808K, 0% used [0x00000000f5580000,0x00000000f5580000,0x00000000fca80000)
  from space 4608K, 96% used [0x00000000fde80000,0x00000000fe2dd568,0x00000000fe300000)
  to   space 12288K, 0% used [0x00000000fcb00000,0x00000000fcb00000,0x00000000fd700000)
 ParOldGen       total 187392K, used 15638K [0x00000000e0000000, 0x00000000eb700000, 0x00000000f5580000)
  object space 187392K, 8% used [0x00000000e0000000,0x00000000e0f45980,0x00000000eb700000)
 Metaspace       used 36312K, capacity 37936K, committed 38016K, reserved 1081344K
  class space    used 4881K, capacity 5209K, committed 5248K, reserved 1048576K
}
Event: 5,272 GC heap before
{Heap before GC invocations=9 (full 2):
 PSYoungGen      total 124416K, used 124277K [0x00000000f5580000, 0x00000000fe300000, 0x0000000100000000)
  eden space 119808K, 100% used [0x00000000f5580000,0x00000000fca80000,0x00000000fca80000)
  from space 4608K, 96% used [0x00000000fde80000,0x00000000fe2dd568,0x00000000fe300000)
  to   space 12288K, 0% used [0x00000000fcb00000,0x00000000fcb00000,0x00000000fd700000)
 ParOldGen       total 187392K, used 15638K [0x00000000e0000000, 0x00000000eb700000, 0x00000000f5580000)
  object space 187392K, 8% used [0x00000000e0000000,0x00000000e0f45980,0x00000000eb700000)
 Metaspace       used 39305K, capacity 40870K, committed 40960K, reserved 1085440K
  class space    used 5307K, capacity 5630K, committed 5632K, reserved 1048576K
Event: 5,370 GC heap after
Heap after GC invocations=9 (full 2):
 PSYoungGen      total 132608K, used 12259K [0x00000000f5580000, 0x0000000100000000, 0x0000000100000000)
  eden space 120320K, 0% used [0x00000000f5580000,0x00000000f5580000,0x00000000fcb00000)
  from space 12288K, 99% used [0x00000000fcb00000,0x00000000fd6f8c10,0x00000000fd700000)
  to   space 39424K, 0% used [0x00000000fd980000,0x00000000fd980000,0x0000000100000000)
 ParOldGen       total 187392K, used 67625K [0x00000000e0000000, 0x00000000eb700000, 0x00000000f5580000)
  object space 187392K, 36% used [0x00000000e0000000,0x00000000e420a4c8,0x00000000eb700000)
 Metaspace       used 39305K, capacity 40870K, committed 40960K, reserved 1085440K
  class space    used 5307K, capacity 5630K, committed 5632K, reserved 1048576K
}
Event: 6,438 GC heap before
{Heap before GC invocations=10 (full 2):
 PSYoungGen      total 132608K, used 132579K [0x00000000f5580000, 0x0000000100000000, 0x0000000100000000)
  eden space 120320K, 100% used [0x00000000f5580000,0x00000000fcb00000,0x00000000fcb00000)
  from space 12288K, 99% used [0x00000000fcb00000,0x00000000fd6f8c10,0x00000000fd700000)
  to   space 39424K, 0% used [0x00000000fd980000,0x00000000fd980000,0x0000000100000000)
 ParOldGen       total 187392K, used 67625K [0x00000000e0000000, 0x00000000eb700000, 0x00000000f5580000)
  object space 187392K, 36% used [0x00000000e0000000,0x00000000e420a4c8,0x00000000eb700000)
 Metaspace       used 39338K, capacity 40934K, committed 41216K, reserved 1085440K
  class space    used 5310K, capacity 5630K, committed 5632K, reserved 1048576K
Event: 6,565 GC heap after
Heap after GC invocations=10 (full 2):
 PSYoungGen      total 98304K, used 39399K [0x00000000f5580000, 0x0000000100000000, 0x0000000100000000)
  eden space 58880K, 0% used [0x00000000f5580000,0x00000000f5580000,0x00000000f8f00000)
  from space 39424K, 99% used [0x00000000fd980000,0x00000000ffff9dd0,0x0000000100000000)
  to   space 57856K, 0% used [0x00000000f8f00000,0x00000000f8f00000,0x00000000fc780000)
 ParOldGen       total 187392K, used 114981K [0x00000000e0000000, 0x00000000eb700000, 0x00000000f5580000)
  object space 187392K, 61% used [0x00000000e0000000,0x00000000e7049750,0x00000000eb700000)
 Metaspace       used 39338K, capacity 40934K, committed 41216K, reserved 1085440K
  class space    used 5310K, capacity 5630K, committed 5632K, reserved 1048576K
}
Event: 6,715 GC heap before
{Heap before GC invocations=11 (full 2):
 PSYoungGen      total 98304K, used 98279K [0x00000000f5580000, 0x0000000100000000, 0x0000000100000000)
  eden space 58880K, 100% used [0x00000000f5580000,0x00000000f8f00000,0x00000000f8f00000)
  from space 39424K, 99% used [0x00000000fd980000,0x00000000ffff9dd0,0x0000000100000000)
  to   space 57856K, 0% used [0x00000000f8f00000,0x00000000f8f00000,0x00000000fc780000)
 ParOldGen       total 187392K, used 114981K [0x00000000e0000000, 0x00000000eb700000, 0x00000000f5580000)
  object space 187392K, 61% used [0x00000000e0000000,0x00000000e7049750,0x00000000eb700000)
 Metaspace       used 39394K, capacity 41078K, committed 41344K, reserved 1085440K
  class space    used 5319K, capacity 5634K, committed 5760K, reserved 1048576K
Event: 6,746 GC heap after
Heap after GC invocations=11 (full 2):
 PSYoungGen      total 116736K, used 57839K [0x00000000f5580000, 0x0000000100000000, 0x0000000100000000)
  eden space 58880K, 0% used [0x00000000f5580000,0x00000000f5580000,0x00000000f8f00000)
  from space 57856K, 99% used [0x00000000f8f00000,0x00000000fc77bda0,0x00000000fc780000)
  to   space 57856K, 0% used [0x00000000fc780000,0x00000000fc780000,0x0000000100000000)
 ParOldGen       total 187392K, used 139224K [0x00000000e0000000, 0x00000000eb700000, 0x00000000f5580000)
  object space 187392K, 74% used [0x00000000e0000000,0x00000000e87f6150,0x00000000eb700000)
 Metaspace       used 39394K, capacity 41078K, committed 41344K, reserved 1085440K
  class space    used 5319K, capacity 5634K, committed 5760K, reserved 1048576K
}
Event: 6,753 GC heap before
{Heap before GC invocations=12 (full 2):
 PSYoungGen      total 116736K, used 115950K [0x00000000f5580000, 0x0000000100000000, 0x0000000100000000)
  eden space 58880K, 98% used [0x00000000f5580000,0x00000000f8e3fd78,0x00000000f8f00000)
  from space 57856K, 99% used [0x00000000f8f00000,0x00000000fc77bda0,0x00000000fc780000)
  to   space 57856K, 0% used [0x00000000fc780000,0x00000000fc780000,0x0000000100000000)
 ParOldGen       total 187392K, used 139224K [0x00000000e0000000, 0x00000000eb700000, 0x00000000f5580000)
  object space 187392K, 74% used [0x00000000e0000000,0x00000000e87f6150,0x00000000eb700000)
 Metaspace       used 39397K, capacity 41080K, committed 41344K, reserved 1085440K
  class space    used 5320K, capacity 5635K, committed 5760K, reserved 1048576K
Event: 7,123 GC heap after
Heap after GC invocations=12 (full 2):
 PSYoungGen      total 116736K, used 57827K [0x00000000f5580000, 0x0000000100000000, 0x0000000100000000)
  eden space 58880K, 0% used [0x00000000f5580000,0x00000000f5580000,0x00000000f8f00000)
  from space 57856K, 99% used [0x00000000fc780000,0x00000000ffff8df0,0x0000000100000000)
  to   space 57856K, 0% used [0x00000000f8f00000,0x00000000f8f00000,0x00000000fc780000)
 ParOldGen       total 213504K, used 204806K [0x00000000e0000000, 0x00000000ed080000, 0x00000000f5580000)
  object space 213504K, 95% used [0x00000000e0000000,0x00000000ec8019b0,0x00000000ed080000)
 Metaspace       used 39397K, capacity 41080K, committed 41344K, reserved 1085440K
  class space    used 5320K, capacity 5635K, committed 5760K, reserved 1048576K
}
Event: 7,171 GC heap before
{Heap before GC invocations=13 (full 3):
 PSYoungGen      total 116736K, used 57827K [0x00000000f5580000, 0x0000000100000000, 0x0000000100000000)
  eden space 58880K, 0% used [0x00000000f5580000,0x00000000f5580000,0x00000000f8f00000)
  from space 57856K, 99% used [0x00000000fc780000,0x00000000ffff8df0,0x0000000100000000)
  to   space 57856K, 0% used [0x00000000f8f00000,0x00000000f8f00000,0x00000000fc780000)
 ParOldGen       total 213504K, used 204806K [0x00000000e0000000, 0x00000000ed080000, 0x00000000f5580000)
  object space 213504K, 95% used [0x00000000e0000000,0x00000000ec8019b0,0x00000000ed080000)
 Metaspace       used 39397K, capacity 41080K, committed 41344K, reserved 1085440K
  class space    used 5320K, capacity 5635K, committed 5760K, reserved 1048576K

